<?xml version="1.0" encoding="UTF-8"?>
<!-- Generated by org.testng.reporters.JUnitXMLReporter -->
<testsuite ignored="14" hostname="LAPTOP-DFUCNCIC" failures="0" tests="6" name="Test1" time="8.514" errors="0" timestamp="2021-08-03T12:34:01 EDT">
  <testcase classname="hw4.PracticeTestNgHW" name="openurl" time="1.956"/>
  <testcase classname="hw4.PracticeTestNgHW" name="signin" time="3.065"/>
  <testcase classname="hw4.PracticeTestNgHW" name="enteremail" time="0.123"/>
  <testcase classname="hw4.PracticeTestNgHW" name="clicksubmit" time="0.073"/>
  <testcase classname="hw4.PracticeTestNgHW" name="personalinfo" time="2.108"/>
  <testcase classname="hw4.PracticeTestNgHW" name="enterFirstName" time="0.078"/>
  <testcase classname="hw4.PracticeTestNgHW" name="enterCity" time="0.0">
    <ignored/>
  </testcase> <!-- enterCity -->
  <testcase classname="hw4.PracticeTestNgHW" name="checkReceiveoffers" time="0.0">
    <ignored/>
  </testcase> <!-- checkReceiveoffers -->
  <testcase classname="hw4.PracticeTestNgHW" name="enteraddressAlias" time="0.0">
    <ignored/>
  </testcase> <!-- enteraddressAlias -->
  <testcase classname="hw4.PracticeTestNgHW" name="selectState" time="0.0">
    <ignored/>
  </testcase> <!-- selectState -->
  <testcase classname="hw4.PracticeTestNgHW" name="checkNewsletter" time="0.0">
    <ignored/>
  </testcase> <!-- checkNewsletter -->
  <testcase classname="hw4.PracticeTestNgHW" name="enterAddress" time="0.0">
    <ignored/>
  </testcase> <!-- enterAddress -->
  <testcase classname="hw4.PracticeTestNgHW" name="enterZipcode" time="0.0">
    <ignored/>
  </testcase> <!-- enterZipcode -->
  <testcase classname="hw4.PracticeTestNgHW" name="selectradio" time="0.0">
    <ignored/>
  </testcase> <!-- selectradio -->
  <testcase classname="hw4.PracticeTestNgHW" name="enterCompany" time="0.0">
    <ignored/>
  </testcase> <!-- enterCompany -->
  <testcase classname="hw4.PracticeTestNgHW" name="enteradditionalInfo" time="0.0">
    <ignored/>
  </testcase> <!-- enteradditionalInfo -->
  <testcase classname="hw4.PracticeTestNgHW" name="enterLastName" time="0.0">
    <ignored/>
  </testcase> <!-- enterLastName -->
  <testcase classname="hw4.PracticeTestNgHW" name="enterPassword" time="0.0">
    <ignored/>
  </testcase> <!-- enterPassword -->
  <testcase classname="hw4.PracticeTestNgHW" name="entermobilephone" time="0.0">
    <ignored/>
  </testcase> <!-- entermobilephone -->
  <testcase classname="hw4.PracticeTestNgHW" name="selectCountry" time="0.0">
    <ignored/>
  </testcase> <!-- selectCountry -->
</testsuite> <!-- Test1 -->
