<?xml version="1.0" encoding="UTF-8"?>
<!-- Generated by org.testng.reporters.JUnitXMLReporter -->
<testsuite ignored="0" hostname="LAPTOP-DFUCNCIC" failures="0" tests="20" name="Default test" time="9.682" errors="0" timestamp="2021-08-03T12:33:27 EDT">
  <testcase classname="hw4.PracticeTestNgHW" name="openurl" time="1.128"/>
  <testcase classname="hw4.PracticeTestNgHW" name="signin" time="1.868"/>
  <testcase classname="hw4.PracticeTestNgHW" name="enteremail" time="0.128"/>
  <testcase classname="hw4.PracticeTestNgHW" name="clicksubmit" time="0.071"/>
  <testcase classname="hw4.PracticeTestNgHW" name="personalinfo" time="3.612"/>
  <testcase classname="hw4.PracticeTestNgHW" name="selectradio" time="0.071"/>
  <testcase classname="hw4.PracticeTestNgHW" name="enterFirstName" time="0.095"/>
  <testcase classname="hw4.PracticeTestNgHW" name="enterLastName" time="0.106"/>
  <testcase classname="hw4.PracticeTestNgHW" name="enterPassword" time="0.074"/>
  <testcase classname="hw4.PracticeTestNgHW" name="checkNewsletter" time="0.062"/>
  <testcase classname="hw4.PracticeTestNgHW" name="checkReceiveoffers" time="0.06"/>
  <testcase classname="hw4.PracticeTestNgHW" name="enterCompany" time="0.11"/>
  <testcase classname="hw4.PracticeTestNgHW" name="enterAddress" time="0.096"/>
  <testcase classname="hw4.PracticeTestNgHW" name="enterCity" time="0.096"/>
  <testcase classname="hw4.PracticeTestNgHW" name="selectState" time="0.393"/>
  <testcase classname="hw4.PracticeTestNgHW" name="enterZipcode" time="0.08"/>
  <testcase classname="hw4.PracticeTestNgHW" name="selectCountry" time="0.135"/>
  <testcase classname="hw4.PracticeTestNgHW" name="enteradditionalInfo" time="0.077"/>
  <testcase classname="hw4.PracticeTestNgHW" name="entermobilephone" time="0.14"/>
  <testcase classname="hw4.PracticeTestNgHW" name="enteraddressAlias" time="0.106"/>
</testsuite> <!-- Default test -->
